2017-07-02 05:43:01 [::1][-][-][error][yii\base\ErrorException:1] exception 'yii\base\ErrorException' with message 'Maximum execution time of 30 seconds exceeded' in D:\xampp\htdocs\YII\yiiBlog\vendor\yiisoft\yii2\base\View.php:226
Stack trace:
#0 [internal function]: yii\base\ErrorHandler->handleFatalError()
#1 {main}
2017-07-02 05:42:33 [::1][-][-][info][application] $_COOKIE = [
    '_identity-backend' => '2daddf6351c364ad4f9d5b21d0831532c85ade64e54eea0a6949a858d354b39ba:2:{i:0;s:17:\"_identity-backend\";i:1;s:46:\"[1,\"2aF4Cn7blkSOrr-NgdL5nmAC6cLFUfZx\",2592000]\";}'
    'advanced-frontend' => 'c80ft9039qkcp47rukkpvgct17'
    '_csrf-frontend' => 'b7629339d364528388ec2817dd9de90c8a149c00f4f6f5dc32c08bebba344119a:2:{i:0;s:14:\"_csrf-frontend\";i:1;s:32:\"KB0zN4t1wtgWruAi1MJNZiX61LmU9_pL\";}'
]

$_SERVER = [
    'MIBDIRS' => 'D:/xampp/php/extras/mibs'
    'MYSQL_HOME' => '\\xampp\\mysql\\bin'
    'OPENSSL_CONF' => 'D:/xampp/apache/bin/openssl.cnf'
    'PHP_PEAR_SYSCONF_DIR' => '\\xampp\\php'
    'PHPRC' => '\\xampp\\php'
    'TMP' => '\\xampp\\tmp'
    'HTTP_HOST' => 'localhost'
    'HTTP_USER_AGENT' => 'Mozilla/5.0 (Windows NT 10.0; WOW64; rv:54.0) Gecko/20100101 Firefox/54.0'
    'HTTP_ACCEPT' => 'text/html,application/xhtml+xml,application/xml;q=0.9,*/*;q=0.8'
    'HTTP_ACCEPT_LANGUAGE' => 'zh-CN,zh;q=0.8,en-US;q=0.5,en;q=0.3'
    'HTTP_ACCEPT_ENCODING' => 'gzip, deflate'
    'HTTP_COOKIE' => '_identity-backend=2daddf6351c364ad4f9d5b21d0831532c85ade64e54eea0a6949a858d354b39ba%3A2%3A%7Bi%3A0%3Bs%3A17%3A%22_identity-backend%22%3Bi%3A1%3Bs%3A46%3A%22%5B1%2C%222aF4Cn7blkSOrr-NgdL5nmAC6cLFUfZx%22%2C2592000%5D%22%3B%7D; advanced-frontend=c80ft9039qkcp47rukkpvgct17; _csrf-frontend=b7629339d364528388ec2817dd9de90c8a149c00f4f6f5dc32c08bebba344119a%3A2%3A%7Bi%3A0%3Bs%3A14%3A%22_csrf-frontend%22%3Bi%3A1%3Bs%3A32%3A%22KB0zN4t1wtgWruAi1MJNZiX61LmU9_pL%22%3B%7D'
    'HTTP_CONNECTION' => 'keep-alive'
    'HTTP_UPGRADE_INSECURE_REQUESTS' => '1'
    'PATH' => 'C:\\WINDOWS\\system32;C:\\WINDOWS;C:\\WINDOWS\\System32\\Wbem;C:\\WINDOWS\\System32\\WindowsPowerShell\\v1.0\\;C:\\Program Files (x86)\\ATI Technologies\\ATI.ACE\\Core-Static;D:\\版本控制工具\\SVN\\bin;D:\\版本控制工具\\SVN服务端\\bin;D:\\xampp\\php;;D:\\编辑器\\Microsoft VS Code\\bin;C:\\Users\\lanlianjiu\\AppData\\Local\\Microsoft\\WindowsApps'
    'SystemRoot' => 'C:\\WINDOWS'
    'COMSPEC' => 'C:\\WINDOWS\\system32\\cmd.exe'
    'PATHEXT' => '.COM;.EXE;.BAT;.CMD;.VBS;.VBE;.JS;.JSE;.WSF;.WSH;.MSC'
    'WINDIR' => 'C:\\WINDOWS'
    'SERVER_SIGNATURE' => '<address>Apache/2.4.23 (Win32) OpenSSL/1.0.2h PHP/5.6.28 Server at localhost Port 80</address>
'
    'SERVER_SOFTWARE' => 'Apache/2.4.23 (Win32) OpenSSL/1.0.2h PHP/5.6.28'
    'SERVER_NAME' => 'localhost'
    'SERVER_ADDR' => '::1'
    'SERVER_PORT' => '80'
    'REMOTE_ADDR' => '::1'
    'DOCUMENT_ROOT' => 'D:/xampp/htdocs'
    'REQUEST_SCHEME' => 'http'
    'CONTEXT_PREFIX' => ''
    'CONTEXT_DOCUMENT_ROOT' => 'D:/xampp/htdocs'
    'SERVER_ADMIN' => 'postmaster@localhost'
    'SCRIPT_FILENAME' => 'D:/xampp/htdocs/YII/yiiBlog/frontend/web/index.php'
    'REMOTE_PORT' => '64597'
    'GATEWAY_INTERFACE' => 'CGI/1.1'
    'SERVER_PROTOCOL' => 'HTTP/1.1'
    'REQUEST_METHOD' => 'GET'
    'QUERY_STRING' => ''
    'REQUEST_URI' => '/YII/yiiBlog/frontend/web/index.php'
    'SCRIPT_NAME' => '/YII/yiiBlog/frontend/web/index.php'
    'PHP_SELF' => '/YII/yiiBlog/frontend/web/index.php'
    'REQUEST_TIME_FLOAT' => 1498966945.102
    'REQUEST_TIME' => 1498966945
]
2017-07-02 05:45:24 [::1][-][-][error][yii\base\ErrorException:1] exception 'yii\base\ErrorException' with message 'Maximum execution time of 30 seconds exceeded' in D:\xampp\htdocs\YII\yiiBlog\vendor\yiisoft\yii2\web\AssetManager.php:43
Stack trace:
#0 [internal function]: yii\base\ErrorHandler->handleFatalError()
#1 {main}
2017-07-02 05:44:54 [::1][-][-][info][application] $_COOKIE = [
    '_identity-backend' => '2daddf6351c364ad4f9d5b21d0831532c85ade64e54eea0a6949a858d354b39ba:2:{i:0;s:17:\"_identity-backend\";i:1;s:46:\"[1,\"2aF4Cn7blkSOrr-NgdL5nmAC6cLFUfZx\",2592000]\";}'
]

$_SERVER = [
    'MIBDIRS' => 'D:/xampp/php/extras/mibs'
    'MYSQL_HOME' => '\\xampp\\mysql\\bin'
    'OPENSSL_CONF' => 'D:/xampp/apache/bin/openssl.cnf'
    'PHP_PEAR_SYSCONF_DIR' => '\\xampp\\php'
    'PHPRC' => '\\xampp\\php'
    'TMP' => '\\xampp\\tmp'
    'HTTP_ACCEPT' => 'text/html, application/xhtml+xml, image/jxr, */*'
    'HTTP_ACCEPT_LANGUAGE' => 'zh-CN'
    'HTTP_USER_AGENT' => 'Mozilla/5.0 (Windows NT 10.0; Win64; x64) AppleWebKit/537.36 (KHTML, like Gecko) Chrome/51.0.2704.79 Safari/537.36 Edge/14.14393'
    'HTTP_ACCEPT_ENCODING' => 'gzip, deflate'
    'HTTP_HOST' => 'localhost'
    'HTTP_CONNECTION' => 'Keep-Alive'
    'HTTP_COOKIE' => '_identity-backend=2daddf6351c364ad4f9d5b21d0831532c85ade64e54eea0a6949a858d354b39ba%3A2%3A%7Bi%3A0%3Bs%3A17%3A%22_identity-backend%22%3Bi%3A1%3Bs%3A46%3A%22%5B1%2C%222aF4Cn7blkSOrr-NgdL5nmAC6cLFUfZx%22%2C2592000%5D%22%3B%7D'
    'PATH' => 'C:\\WINDOWS\\system32;C:\\WINDOWS;C:\\WINDOWS\\System32\\Wbem;C:\\WINDOWS\\System32\\WindowsPowerShell\\v1.0\\;C:\\Program Files (x86)\\ATI Technologies\\ATI.ACE\\Core-Static;D:\\版本控制工具\\SVN\\bin;D:\\版本控制工具\\SVN服务端\\bin;D:\\xampp\\php;;D:\\编辑器\\Microsoft VS Code\\bin;C:\\Users\\lanlianjiu\\AppData\\Local\\Microsoft\\WindowsApps'
    'SystemRoot' => 'C:\\WINDOWS'
    'COMSPEC' => 'C:\\WINDOWS\\system32\\cmd.exe'
    'PATHEXT' => '.COM;.EXE;.BAT;.CMD;.VBS;.VBE;.JS;.JSE;.WSF;.WSH;.MSC'
    'WINDIR' => 'C:\\WINDOWS'
    'SERVER_SIGNATURE' => '<address>Apache/2.4.23 (Win32) OpenSSL/1.0.2h PHP/5.6.28 Server at localhost Port 80</address>
'
    'SERVER_SOFTWARE' => 'Apache/2.4.23 (Win32) OpenSSL/1.0.2h PHP/5.6.28'
    'SERVER_NAME' => 'localhost'
    'SERVER_ADDR' => '::1'
    'SERVER_PORT' => '80'
    'REMOTE_ADDR' => '::1'
    'DOCUMENT_ROOT' => 'D:/xampp/htdocs'
    'REQUEST_SCHEME' => 'http'
    'CONTEXT_PREFIX' => ''
    'CONTEXT_DOCUMENT_ROOT' => 'D:/xampp/htdocs'
    'SERVER_ADMIN' => 'postmaster@localhost'
    'SCRIPT_FILENAME' => 'D:/xampp/htdocs/YII/yiiBlog/frontend/web/index.php'
    'REMOTE_PORT' => '50695'
    'GATEWAY_INTERFACE' => 'CGI/1.1'
    'SERVER_PROTOCOL' => 'HTTP/1.1'
    'REQUEST_METHOD' => 'GET'
    'QUERY_STRING' => ''
    'REQUEST_URI' => '/YII/yiiblog/frontend/web/index.php'
    'SCRIPT_NAME' => '/YII/yiiblog/frontend/web/index.php'
    'PHP_SELF' => '/YII/yiiblog/frontend/web/index.php'
    'REQUEST_TIME_FLOAT' => 1498967094.645
    'REQUEST_TIME' => 1498967094
]
2018-03-31 15:45:18 [::1][-][-][error][yii\db\Exception] exception 'PDOException' with message 'SQLSTATE[HY000] [1049] Unknown database 'YiiBlog'' in D:\xampp\htdocs\ortherObject\YII\yiiBlog\vendor\yiisoft\yii2\db\Connection.php:630
Stack trace:
#0 D:\xampp\htdocs\ortherObject\YII\yiiBlog\vendor\yiisoft\yii2\db\Connection.php(630): PDO->__construct('mysql:host=192....', 'root', 'root', NULL)
#1 D:\xampp\htdocs\ortherObject\YII\yiiBlog\vendor\yiisoft\yii2\db\Connection.php(563): yii\db\Connection->createPdoInstance()
#2 D:\xampp\htdocs\ortherObject\YII\yiiBlog\vendor\yiisoft\yii2\db\Connection.php(896): yii\db\Connection->open()
#3 D:\xampp\htdocs\ortherObject\YII\yiiBlog\vendor\yiisoft\yii2\db\Connection.php(883): yii\db\Connection->getMasterPdo()
#4 D:\xampp\htdocs\ortherObject\YII\yiiBlog\vendor\yiisoft\yii2\db\Command.php(219): yii\db\Connection->getSlavePdo()
#5 D:\xampp\htdocs\ortherObject\YII\yiiBlog\vendor\yiisoft\yii2\db\Command.php(896): yii\db\Command->prepare('<span class="ke...')
#6 D:\xampp\htdocs\ortherObject\YII\yiiBlog\vendor\yiisoft\yii2\db\Command.php(362): yii\db\Command->queryInternal('<span class="st...', '<span class="ke...')
#7 D:\xampp\htdocs\ortherObject\YII\yiiBlog\vendor\yiisoft\yii2\db\Query.php(213): yii\db\Command->queryAll()
#8 D:\xampp\htdocs\ortherObject\YII\yiiBlog\vendor\yiisoft\yii2\db\ActiveQuery.php(133): yii\db\Query->all('<span class="ke...')
#9 D:\xampp\htdocs\ortherObject\YII\yiiBlog\frontend\models\FeedsForm.php(62): yii\db\ActiveQuery->all()
#10 D:\xampp\htdocs\ortherObject\YII\yiiBlog\frontend\widgets\chat\ChatWidget.php(14): frontend\models\FeedsForm->getList()
#11 D:\xampp\htdocs\ortherObject\YII\yiiBlog\vendor\yiisoft\yii2\base\Widget.php(139): frontend\widgets\chat\ChatWidget->run()
#12 D:\xampp\htdocs\ortherObject\YII\yiiBlog\frontend\views\site\index.php(18): yii\base\Widget::widget()
#13 D:\xampp\htdocs\ortherObject\YII\yiiBlog\vendor\yiisoft\yii2\base\View.php(328): require('D:\\xampp\\htdocs...')
#14 D:\xampp\htdocs\ortherObject\YII\yiiBlog\vendor\yiisoft\yii2\base\View.php(250): yii\base\View->renderPhpFile('<span class="st...', '[]')
#15 D:\xampp\htdocs\ortherObject\YII\yiiBlog\vendor\yiisoft\yii2\base\View.php(152): yii\base\View->renderFile('<span class="st...', '[]', Object(frontend\controllers\SiteController))
#16 D:\xampp\htdocs\ortherObject\YII\yiiBlog\vendor\yiisoft\yii2\base\Controller.php(381): yii\base\View->render('<span class="st...', '[]', Object(frontend\controllers\SiteController))
#17 D:\xampp\htdocs\ortherObject\YII\yiiBlog\frontend\controllers\SiteController.php(76): yii\base\Controller->render('<span class="st...')
#18 [internal function]: frontend\controllers\SiteController->actionIndex()
#19 D:\xampp\htdocs\ortherObject\YII\yiiBlog\vendor\yiisoft\yii2\base\InlineAction.php(57): call_user_func_array('[<span class="t...', '[]')
#20 D:\xampp\htdocs\ortherObject\YII\yiiBlog\vendor\yiisoft\yii2\base\Controller.php(156): yii\base\InlineAction->runWithParams('[]')
#21 D:\xampp\htdocs\ortherObject\YII\yiiBlog\vendor\yiisoft\yii2\base\Module.php(523): yii\base\Controller->runAction('<span class="st...', '[]')
#22 D:\xampp\htdocs\ortherObject\YII\yiiBlog\vendor\yiisoft\yii2\web\Application.php(102): yii\base\Module->runAction('<span class="st...', '[]')
#23 D:\xampp\htdocs\ortherObject\YII\yiiBlog\vendor\yiisoft\yii2\base\Application.php(380): yii\web\Application->handleRequest(Object(yii\web\Request))
#24 D:\xampp\htdocs\ortherObject\YII\yiiBlog\frontend\web\index.php(18): yii\base\Application->run()
#25 {main}

Next exception 'yii\db\Exception' with message 'SQLSTATE[HY000] [1049] Unknown database 'YiiBlog'' in D:\xampp\htdocs\ortherObject\YII\yiiBlog\vendor\yiisoft\yii2\db\Connection.php:568
Stack trace:
#0 D:\xampp\htdocs\ortherObject\YII\yiiBlog\vendor\yiisoft\yii2\db\Connection.php(896): yii\db\Connection->open()
#1 D:\xampp\htdocs\ortherObject\YII\yiiBlog\vendor\yiisoft\yii2\db\Connection.php(883): yii\db\Connection->getMasterPdo()
#2 D:\xampp\htdocs\ortherObject\YII\yiiBlog\vendor\yiisoft\yii2\db\Command.php(219): yii\db\Connection->getSlavePdo()
#3 D:\xampp\htdocs\ortherObject\YII\yiiBlog\vendor\yiisoft\yii2\db\Command.php(896): yii\db\Command->prepare('<span class="ke...')
#4 D:\xampp\htdocs\ortherObject\YII\yiiBlog\vendor\yiisoft\yii2\db\Command.php(362): yii\db\Command->queryInternal('<span class="st...', '<span class="ke...')
#5 D:\xampp\htdocs\ortherObject\YII\yiiBlog\vendor\yiisoft\yii2\db\Query.php(213): yii\db\Command->queryAll()
#6 D:\xampp\htdocs\ortherObject\YII\yiiBlog\vendor\yiisoft\yii2\db\ActiveQuery.php(133): yii\db\Query->all('<span class="ke...')
#7 D:\xampp\htdocs\ortherObject\YII\yiiBlog\frontend\models\FeedsForm.php(62): yii\db\ActiveQuery->all()
#8 D:\xampp\htdocs\ortherObject\YII\yiiBlog\frontend\widgets\chat\ChatWidget.php(14): frontend\models\FeedsForm->getList()
#9 D:\xampp\htdocs\ortherObject\YII\yiiBlog\vendor\yiisoft\yii2\base\Widget.php(139): frontend\widgets\chat\ChatWidget->run()
#10 D:\xampp\htdocs\ortherObject\YII\yiiBlog\frontend\views\site\index.php(18): yii\base\Widget::widget()
#11 D:\xampp\htdocs\ortherObject\YII\yiiBlog\vendor\yiisoft\yii2\base\View.php(328): require('D:\\xampp\\htdocs...')
#12 D:\xampp\htdocs\ortherObject\YII\yiiBlog\vendor\yiisoft\yii2\base\View.php(250): yii\base\View->renderPhpFile('<span class="st...', '[]')
#13 D:\xampp\htdocs\ortherObject\YII\yiiBlog\vendor\yiisoft\yii2\base\View.php(152): yii\base\View->renderFile('<span class="st...', '[]', Object(frontend\controllers\SiteController))
#14 D:\xampp\htdocs\ortherObject\YII\yiiBlog\vendor\yiisoft\yii2\base\Controller.php(381): yii\base\View->render('<span class="st...', '[]', Object(frontend\controllers\SiteController))
#15 D:\xampp\htdocs\ortherObject\YII\yiiBlog\frontend\controllers\SiteController.php(76): yii\base\Controller->render('<span class="st...')
#16 [internal function]: frontend\controllers\SiteController->actionIndex()
#17 D:\xampp\htdocs\ortherObject\YII\yiiBlog\vendor\yiisoft\yii2\base\InlineAction.php(57): call_user_func_array('[<span class="t...', '[]')
#18 D:\xampp\htdocs\ortherObject\YII\yiiBlog\vendor\yiisoft\yii2\base\Controller.php(156): yii\base\InlineAction->runWithParams('[]')
#19 D:\xampp\htdocs\ortherObject\YII\yiiBlog\vendor\yiisoft\yii2\base\Module.php(523): yii\base\Controller->runAction('<span class="st...', '[]')
#20 D:\xampp\htdocs\ortherObject\YII\yiiBlog\vendor\yiisoft\yii2\web\Application.php(102): yii\base\Module->runAction('<span class="st...', '[]')
#21 D:\xampp\htdocs\ortherObject\YII\yiiBlog\vendor\yiisoft\yii2\base\Application.php(380): yii\web\Application->handleRequest(Object(yii\web\Request))
#22 D:\xampp\htdocs\ortherObject\YII\yiiBlog\frontend\web\index.php(18): yii\base\Application->run()
#23 {main}
Additional Information:

2018-03-31 15:45:17 [::1][-][-][info][application] $_COOKIE = [
    'pgv_pvi' => '5528568832'
    '_identity-backend' => '2daddf6351c364ad4f9d5b21d0831532c85ade64e54eea0a6949a858d354b39ba:2:{i:0;s:17:\"_identity-backend\";i:1;s:46:\"[1,\"2aF4Cn7blkSOrr-NgdL5nmAC6cLFUfZx\",2592000]\";}'
    'Hm_lvt_080836300300be57b7f34f4b3e97d911' => '1521728047,1521810931,1521882762,1522251596'
]

$_SERVER = [
    'MIBDIRS' => 'D:/xampp/php/extras/mibs'
    'MYSQL_HOME' => '\\xampp\\mysql\\bin'
    'OPENSSL_CONF' => 'D:/xampp/apache/bin/openssl.cnf'
    'PHP_PEAR_SYSCONF_DIR' => '\\xampp\\php'
    'PHPRC' => '\\xampp\\php'
    'TMP' => '\\xampp\\tmp'
    'HTTP_HOST' => 'localhost'
    'HTTP_CONNECTION' => 'keep-alive'
    'HTTP_UPGRADE_INSECURE_REQUESTS' => '1'
    'HTTP_USER_AGENT' => 'Mozilla/5.0 (Windows NT 10.0; WOW64) AppleWebKit/537.36 (KHTML, like Gecko) Chrome/64.0.3282.186 Safari/537.36'
    'HTTP_ACCEPT' => 'text/html,application/xhtml+xml,application/xml;q=0.9,image/webp,image/apng,*/*;q=0.8'
    'HTTP_ACCEPT_ENCODING' => 'gzip, deflate, br'
    'HTTP_ACCEPT_LANGUAGE' => 'zh-CN,zh;q=0.9'
    'HTTP_COOKIE' => 'pgv_pvi=5528568832; _identity-backend=2daddf6351c364ad4f9d5b21d0831532c85ade64e54eea0a6949a858d354b39ba%3A2%3A%7Bi%3A0%3Bs%3A17%3A%22_identity-backend%22%3Bi%3A1%3Bs%3A46%3A%22%5B1%2C%222aF4Cn7blkSOrr-NgdL5nmAC6cLFUfZx%22%2C2592000%5D%22%3B%7D; Hm_lvt_080836300300be57b7f34f4b3e97d911=1521728047,1521810931,1521882762,1522251596'
    'PATH' => 'C:\\WINDOWS\\system32;C:\\WINDOWS;C:\\WINDOWS\\System32\\Wbem;C:\\WINDOWS\\System32\\WindowsPowerShell\\v1.0\\;C:\\Program Files (x86)\\ATI Technologies\\ATI.ACE\\Core-Static;D:\\版本控制工具\\SVN\\bin;D:\\版本;制工具\\SVN服务端\\bin;D:\\xa;pp\\php;D:\\nodejs\\;C:\\Program Files\\Git\\cmd;D:\\xampp\\php;;D:\\编辑器\\Microsoft VS Code\\bin;C:\\Users\\lanlianjiu\\AppData\\Local\\Microsoft\\WindowsApps;C:\\Users\\lanlianjiu\\AppData\\Roaming\\npm'
    'SystemRoot' => 'C:\\WINDOWS'
    'COMSPEC' => 'C:\\WINDOWS\\system32\\cmd.exe'
    'PATHEXT' => '.COM;.EXE;.BAT;.CMD;.VBS;.VBE;.JS;.JSE;.WSF;.WSH;.MSC'
    'WINDIR' => 'C:\\WINDOWS'
    'SERVER_SIGNATURE' => '<address>Apache/2.4.23 (Win32) OpenSSL/1.0.2h PHP/5.6.28 Server at localhost Port 80</address>
'
    'SERVER_SOFTWARE' => 'Apache/2.4.23 (Win32) OpenSSL/1.0.2h PHP/5.6.28'
    'SERVER_NAME' => 'localhost'
    'SERVER_ADDR' => '::1'
    'SERVER_PORT' => '80'
    'REMOTE_ADDR' => '::1'
    'DOCUMENT_ROOT' => 'D:/xampp/htdocs'
    'REQUEST_SCHEME' => 'http'
    'CONTEXT_PREFIX' => ''
    'CONTEXT_DOCUMENT_ROOT' => 'D:/xampp/htdocs'
    'SERVER_ADMIN' => 'postmaster@localhost'
    'SCRIPT_FILENAME' => 'D:/xampp/htdocs/ortherObject/YII/yiiBlog/frontend/web/index.php'
    'REMOTE_PORT' => '53295'
    'GATEWAY_INTERFACE' => 'CGI/1.1'
    'SERVER_PROTOCOL' => 'HTTP/1.1'
    'REQUEST_METHOD' => 'GET'
    'QUERY_STRING' => ''
    'REQUEST_URI' => '/ortherObject/YII/yiiBlog/frontend/web/'
    'SCRIPT_NAME' => '/ortherObject/YII/yiiBlog/frontend/web/index.php'
    'PHP_SELF' => '/ortherObject/YII/yiiBlog/frontend/web/index.php'
    'REQUEST_TIME_FLOAT' => 1522503917.645
    'REQUEST_TIME' => 1522503917
]
2018-03-31 15:59:03 [::1][-][-][error][yii\base\ErrorException:1] exception 'yii\base\ErrorException' with message 'Class 'frontend\controllers\FeedsForm' not found' in D:\xampp\htdocs\ortherObject\YII\yiiBlog\frontend\controllers\SiteController.php:217
Stack trace:
#0 [internal function]: yii\base\ErrorHandler->handleFatalError()
#1 {main}
2018-03-31 15:59:03 [::1][-][-][info][application] $_GET = [
    'r' => 'site/add-feed'
]

$_POST = [
    'content' => '2132'
]

$_COOKIE = [
    'pgv_pvi' => '5528568832'
    '_identity-backend' => '2daddf6351c364ad4f9d5b21d0831532c85ade64e54eea0a6949a858d354b39ba:2:{i:0;s:17:\"_identity-backend\";i:1;s:46:\"[1,\"2aF4Cn7blkSOrr-NgdL5nmAC6cLFUfZx\",2592000]\";}'
    'Hm_lvt_080836300300be57b7f34f4b3e97d911' => '1521728047,1521810931,1521882762,1522251596'
    'advanced-frontend' => 't8l0tr24olpu073ancqa41pb14'
    '_csrf-frontend' => 'fb0956ed8b08f7fd9f1dd9d37586427d9434171bcbdaef1c9c36190f209d05e1a:2:{i:0;s:14:\"_csrf-frontend\";i:1;s:32:\"LE27APSDbhgFwi1yN01OKSEtczO1N5k4\";}'
]

$_SERVER = [
    'MIBDIRS' => 'D:/xampp/php/extras/mibs'
    'MYSQL_HOME' => '\\xampp\\mysql\\bin'
    'OPENSSL_CONF' => 'D:/xampp/apache/bin/openssl.cnf'
    'PHP_PEAR_SYSCONF_DIR' => '\\xampp\\php'
    'PHPRC' => '\\xampp\\php'
    'TMP' => '\\xampp\\tmp'
    'HTTP_HOST' => 'localhost'
    'HTTP_CONNECTION' => 'keep-alive'
    'CONTENT_LENGTH' => '12'
    'HTTP_ACCEPT' => 'application/json, text/javascript, */*; q=0.01'
    'HTTP_ORIGIN' => 'http://localhost'
    'HTTP_X_CSRF_TOKEN' => 'Z0ppRWtnUzgrD1tyKjcAfAUiDgMcDmJBKXpYCiA0FkwEMCZ0JVI4DA=='
    'HTTP_X_REQUESTED_WITH' => 'XMLHttpRequest'
    'HTTP_USER_AGENT' => 'Mozilla/5.0 (Windows NT 10.0; WOW64) AppleWebKit/537.36 (KHTML, like Gecko) Chrome/64.0.3282.186 Safari/537.36'
    'CONTENT_TYPE' => 'application/x-www-form-urlencoded; charset=UTF-8'
    'HTTP_REFERER' => 'http://localhost/ortherObject/YII/yiiBlog/frontend/web/'
    'HTTP_ACCEPT_ENCODING' => 'gzip, deflate, br'
    'HTTP_ACCEPT_LANGUAGE' => 'zh-CN,zh;q=0.9'
    'HTTP_COOKIE' => 'pgv_pvi=5528568832; _identity-backend=2daddf6351c364ad4f9d5b21d0831532c85ade64e54eea0a6949a858d354b39ba%3A2%3A%7Bi%3A0%3Bs%3A17%3A%22_identity-backend%22%3Bi%3A1%3Bs%3A46%3A%22%5B1%2C%222aF4Cn7blkSOrr-NgdL5nmAC6cLFUfZx%22%2C2592000%5D%22%3B%7D; Hm_lvt_080836300300be57b7f34f4b3e97d911=1521728047,1521810931,1521882762,1522251596; advanced-frontend=t8l0tr24olpu073ancqa41pb14; _csrf-frontend=fb0956ed8b08f7fd9f1dd9d37586427d9434171bcbdaef1c9c36190f209d05e1a%3A2%3A%7Bi%3A0%3Bs%3A14%3A%22_csrf-frontend%22%3Bi%3A1%3Bs%3A32%3A%22LE27APSDbhgFwi1yN01OKSEtczO1N5k4%22%3B%7D'
    'PATH' => 'C:\\WINDOWS\\system32;C:\\WINDOWS;C:\\WINDOWS\\System32\\Wbem;C:\\WINDOWS\\System32\\WindowsPowerShell\\v1.0\\;C:\\Program Files (x86)\\ATI Technologies\\ATI.ACE\\Core-Static;D:\\版本控制工具\\SVN\\bin;D:\\版本;制工具\\SVN服务端\\bin;D:\\xa;pp\\php;D:\\nodejs\\;C:\\Program Files\\Git\\cmd;D:\\xampp\\php;;D:\\编辑器\\Microsoft VS Code\\bin;C:\\Users\\lanlianjiu\\AppData\\Local\\Microsoft\\WindowsApps;C:\\Users\\lanlianjiu\\AppData\\Roaming\\npm'
    'SystemRoot' => 'C:\\WINDOWS'
    'COMSPEC' => 'C:\\WINDOWS\\system32\\cmd.exe'
    'PATHEXT' => '.COM;.EXE;.BAT;.CMD;.VBS;.VBE;.JS;.JSE;.WSF;.WSH;.MSC'
    'WINDIR' => 'C:\\WINDOWS'
    'SERVER_SIGNATURE' => '<address>Apache/2.4.23 (Win32) OpenSSL/1.0.2h PHP/5.6.28 Server at localhost Port 80</address>
'
    'SERVER_SOFTWARE' => 'Apache/2.4.23 (Win32) OpenSSL/1.0.2h PHP/5.6.28'
    'SERVER_NAME' => 'localhost'
    'SERVER_ADDR' => '::1'
    'SERVER_PORT' => '80'
    'REMOTE_ADDR' => '::1'
    'DOCUMENT_ROOT' => 'D:/xampp/htdocs'
    'REQUEST_SCHEME' => 'http'
    'CONTEXT_PREFIX' => ''
    'CONTEXT_DOCUMENT_ROOT' => 'D:/xampp/htdocs'
    'SERVER_ADMIN' => 'postmaster@localhost'
    'SCRIPT_FILENAME' => 'D:/xampp/htdocs/ortherObject/YII/yiiBlog/frontend/web/index.php'
    'REMOTE_PORT' => '54152'
    'GATEWAY_INTERFACE' => 'CGI/1.1'
    'SERVER_PROTOCOL' => 'HTTP/1.1'
    'REQUEST_METHOD' => 'POST'
    'QUERY_STRING' => 'r=site%2Fadd-feed'
    'REQUEST_URI' => '/ortherObject/YII/yiiBlog/frontend/web/index.php?r=site%2Fadd-feed'
    'SCRIPT_NAME' => '/ortherObject/YII/yiiBlog/frontend/web/index.php'
    'PHP_SELF' => '/ortherObject/YII/yiiBlog/frontend/web/index.php'
    'REQUEST_TIME_FLOAT' => 1522504743.05
    'REQUEST_TIME' => 1522504743
]
2018-05-21 15:15:58 [::1][-][-][error][ReflectionException] exception 'ReflectionException' with message 'Class common\widgets\file_upload\UeditorAction does not exist' in D:\xampp\htdocs\BLOG\vendor\yiisoft\yii2\di\Container.php:424
Stack trace:
#0 D:\xampp\htdocs\BLOG\vendor\yiisoft\yii2\di\Container.php(424): ReflectionClass->__construct('common\\widgets\\...')
#1 D:\xampp\htdocs\BLOG\vendor\yiisoft\yii2\di\Container.php(364): yii\di\Container->getDependencies('common\\widgets\\...')
#2 D:\xampp\htdocs\BLOG\vendor\yiisoft\yii2\di\Container.php(156): yii\di\Container->build('common\\widgets\\...', Array, Array)
#3 D:\xampp\htdocs\BLOG\vendor\yiisoft\yii2\BaseYii.php(344): yii\di\Container->get('common\\widgets\\...', Array, Array)
#4 D:\xampp\htdocs\BLOG\vendor\yiisoft\yii2\base\Controller.php(225): yii\BaseYii::createObject(Array, Array)
#5 D:\xampp\htdocs\BLOG\vendor\yiisoft\yii2\base\Controller.php(125): yii\base\Controller->createAction('ueditor')
#6 D:\xampp\htdocs\BLOG\vendor\yiisoft\yii2\base\Module.php(523): yii\base\Controller->runAction('ueditor', Array)
#7 D:\xampp\htdocs\BLOG\vendor\yiisoft\yii2\web\Application.php(102): yii\base\Module->runAction('post/ueditor', Array)
#8 D:\xampp\htdocs\BLOG\vendor\yiisoft\yii2\base\Application.php(380): yii\web\Application->handleRequest(Object(yii\web\Request))
#9 D:\xampp\htdocs\BLOG\frontend\web\index.php(18): yii\base\Application->run()
#10 {main}
2018-05-21 15:15:58 [::1][-][-][info][application] $_GET = [
    'r' => 'post/ueditor'
    'action' => 'config'
    'noCache' => '1526908558342'
]

$_COOKIE = [
    'pgv_pvi' => '5528568832'
    'Hm_lvt_080836300300be57b7f34f4b3e97d911' => '1523278818,1525790931'
    '_identity-backend' => '2daddf6351c364ad4f9d5b21d0831532c85ade64e54eea0a6949a858d354b39ba:2:{i:0;s:17:\"_identity-backend\";i:1;s:46:\"[1,\"2aF4Cn7blkSOrr-NgdL5nmAC6cLFUfZx\",2592000]\";}'
    '_identity-frontend' => '16bd795bd27fb24a41de7ea7041f750ed5227c1c70959cfe364dd77b86e28e99a:2:{i:0;s:18:\"_identity-frontend\";i:1;s:46:\"[4,\"7Up3cA8hXgUNq6BRvCI0f079WWzSrvxm\",2592000]\";}'
    'advanced-frontend' => 'd1g74vf48mjklmjknd99sfqt83'
    '_csrf-frontend' => 'bc0cf1090d3e5965322e4774234fdb93f5fea1eddef1f867eedaf0d711bd9f65a:2:{i:0;s:14:\"_csrf-frontend\";i:1;s:32:\"5DGy8UrOt-97e6-1D-enZaM4RgirWHJD\";}'
    'advanced-backend' => '5aqpbr1b9dgqki4lbdnh37slu1'
    '_csrf-backend' => '273af87c1b3d5930994cfac683594d53f6c9f649e02c9d2379bb511862672437a:2:{i:0;s:13:\"_csrf-backend\";i:1;s:32:\"xkGHi74VdDxp37odC0ZYnU1YLbkSBE0V\";}'
]

$_SERVER = [
    'MIBDIRS' => 'D:/xampp/php/extras/mibs'
    'MYSQL_HOME' => '\\xampp\\mysql\\bin'
    'OPENSSL_CONF' => 'D:/xampp/apache/bin/openssl.cnf'
    'PHP_PEAR_SYSCONF_DIR' => '\\xampp\\php'
    'PHPRC' => '\\xampp\\php'
    'TMP' => '\\xampp\\tmp'
    'HTTP_HOST' => 'localhost'
    'HTTP_CONNECTION' => 'keep-alive'
    'HTTP_USER_AGENT' => 'Mozilla/5.0 (Windows NT 10.0; WOW64) AppleWebKit/537.36 (KHTML, like Gecko) Chrome/67.0.3371.0 Safari/537.36'
    'HTTP_ACCEPT' => '*/*'
    'HTTP_REFERER' => 'http://localhost/BLOG/frontend/web/index.php?r=post%2Fcreate'
    'HTTP_ACCEPT_ENCODING' => 'gzip, deflate, br'
    'HTTP_ACCEPT_LANGUAGE' => 'zh-CN,zh;q=0.9'
    'HTTP_COOKIE' => 'pgv_pvi=5528568832; Hm_lvt_080836300300be57b7f34f4b3e97d911=1523278818,1525790931; _identity-backend=2daddf6351c364ad4f9d5b21d0831532c85ade64e54eea0a6949a858d354b39ba%3A2%3A%7Bi%3A0%3Bs%3A17%3A%22_identity-backend%22%3Bi%3A1%3Bs%3A46%3A%22%5B1%2C%222aF4Cn7blkSOrr-NgdL5nmAC6cLFUfZx%22%2C2592000%5D%22%3B%7D; _identity-frontend=16bd795bd27fb24a41de7ea7041f750ed5227c1c70959cfe364dd77b86e28e99a%3A2%3A%7Bi%3A0%3Bs%3A18%3A%22_identity-frontend%22%3Bi%3A1%3Bs%3A46%3A%22%5B4%2C%227Up3cA8hXgUNq6BRvCI0f079WWzSrvxm%22%2C2592000%5D%22%3B%7D; advanced-frontend=d1g74vf48mjklmjknd99sfqt83; _csrf-frontend=bc0cf1090d3e5965322e4774234fdb93f5fea1eddef1f867eedaf0d711bd9f65a%3A2%3A%7Bi%3A0%3Bs%3A14%3A%22_csrf-frontend%22%3Bi%3A1%3Bs%3A32%3A%225DGy8UrOt-97e6-1D-enZaM4RgirWHJD%22%3B%7D; advanced-backend=5aqpbr1b9dgqki4lbdnh37slu1; _csrf-backend=273af87c1b3d5930994cfac683594d53f6c9f649e02c9d2379bb511862672437a%3A2%3A%7Bi%3A0%3Bs%3A13%3A%22_csrf-backend%22%3Bi%3A1%3Bs%3A32%3A%22xkGHi74VdDxp37odC0ZYnU1YLbkSBE0V%22%3B%7D'
    'PATH' => 'C:\\WINDOWS\\system32;C:\\WINDOWS;C:\\WINDOWS\\System32\\Wbem;C:\\WINDOWS\\System32\\WindowsPowerShell\\v1.0\\;C:\\Program Files (x86)\\ATI Technologies\\ATI.ACE\\Core-Static;D:\\版本;制;具\\SVN服务端\\bin;D:\\;a;pp\\php;D:\\nodejs\\;D:\\xampp\\php;D:\\版本控制工具\\SVN\\bin;;;C:\\Program Files\\Git\\cmd;;D:\\编辑器\\Microsoft VS Code\\bin;C:\\Users\\lanlianjiu\\AppData\\Local\\Microsoft\\WindowsApps;C:\\Users\\lanlianjiu\\AppData\\Roaming\\npm'
    'SystemRoot' => 'C:\\WINDOWS'
    'COMSPEC' => 'C:\\WINDOWS\\system32\\cmd.exe'
    'PATHEXT' => '.COM;.EXE;.BAT;.CMD;.VBS;.VBE;.JS;.JSE;.WSF;.WSH;.MSC'
    'WINDIR' => 'C:\\WINDOWS'
    'SERVER_SIGNATURE' => '<address>Apache/2.4.23 (Win32) OpenSSL/1.0.2h PHP/5.6.28 Server at localhost Port 80</address>
'
    'SERVER_SOFTWARE' => 'Apache/2.4.23 (Win32) OpenSSL/1.0.2h PHP/5.6.28'
    'SERVER_NAME' => 'localhost'
    'SERVER_ADDR' => '::1'
    'SERVER_PORT' => '80'
    'REMOTE_ADDR' => '::1'
    'DOCUMENT_ROOT' => 'D:/xampp/htdocs'
    'REQUEST_SCHEME' => 'http'
    'CONTEXT_PREFIX' => ''
    'CONTEXT_DOCUMENT_ROOT' => 'D:/xampp/htdocs'
    'SERVER_ADMIN' => 'postmaster@localhost'
    'SCRIPT_FILENAME' => 'D:/xampp/htdocs/BLOG/frontend/web/index.php'
    'REMOTE_PORT' => '56055'
    'GATEWAY_INTERFACE' => 'CGI/1.1'
    'SERVER_PROTOCOL' => 'HTTP/1.1'
    'REQUEST_METHOD' => 'GET'
    'QUERY_STRING' => 'r=post%2Fueditor&action=config&&noCache=1526908558342'
    'REQUEST_URI' => '/BLOG/frontend/web/index.php?r=post%2Fueditor&action=config&&noCache=1526908558342'
    'SCRIPT_NAME' => '/BLOG/frontend/web/index.php'
    'PHP_SELF' => '/BLOG/frontend/web/index.php'
    'REQUEST_TIME_FLOAT' => 1526908558.369
    'REQUEST_TIME' => 1526908558
]
2018-05-21 15:17:04 [::1][-][-][error][ReflectionException] exception 'ReflectionException' with message 'Class common\widgets\file_upload\UeditorAction does not exist' in D:\xampp\htdocs\BLOG\vendor\yiisoft\yii2\di\Container.php:424
Stack trace:
#0 D:\xampp\htdocs\BLOG\vendor\yiisoft\yii2\di\Container.php(424): ReflectionClass->__construct('common\\widgets\\...')
#1 D:\xampp\htdocs\BLOG\vendor\yiisoft\yii2\di\Container.php(364): yii\di\Container->getDependencies('common\\widgets\\...')
#2 D:\xampp\htdocs\BLOG\vendor\yiisoft\yii2\di\Container.php(156): yii\di\Container->build('common\\widgets\\...', Array, Array)
#3 D:\xampp\htdocs\BLOG\vendor\yiisoft\yii2\BaseYii.php(344): yii\di\Container->get('common\\widgets\\...', Array, Array)
#4 D:\xampp\htdocs\BLOG\vendor\yiisoft\yii2\base\Controller.php(225): yii\BaseYii::createObject(Array, Array)
#5 D:\xampp\htdocs\BLOG\vendor\yiisoft\yii2\base\Controller.php(125): yii\base\Controller->createAction('ueditor')
#6 D:\xampp\htdocs\BLOG\vendor\yiisoft\yii2\base\Module.php(523): yii\base\Controller->runAction('ueditor', Array)
#7 D:\xampp\htdocs\BLOG\vendor\yiisoft\yii2\web\Application.php(102): yii\base\Module->runAction('post/ueditor', Array)
#8 D:\xampp\htdocs\BLOG\vendor\yiisoft\yii2\base\Application.php(380): yii\web\Application->handleRequest(Object(yii\web\Request))
#9 D:\xampp\htdocs\BLOG\frontend\web\index.php(18): yii\base\Application->run()
#10 {main}
2018-05-21 15:17:04 [::1][-][-][info][application] $_GET = [
    'r' => 'post/ueditor'
    'action' => 'config'
    'noCache' => '1526908624668'
]

$_COOKIE = [
    'pgv_pvi' => '5528568832'
    'Hm_lvt_080836300300be57b7f34f4b3e97d911' => '1523278818,1525790931'
    '_identity-backend' => '2daddf6351c364ad4f9d5b21d0831532c85ade64e54eea0a6949a858d354b39ba:2:{i:0;s:17:\"_identity-backend\";i:1;s:46:\"[1,\"2aF4Cn7blkSOrr-NgdL5nmAC6cLFUfZx\",2592000]\";}'
    '_identity-frontend' => '16bd795bd27fb24a41de7ea7041f750ed5227c1c70959cfe364dd77b86e28e99a:2:{i:0;s:18:\"_identity-frontend\";i:1;s:46:\"[4,\"7Up3cA8hXgUNq6BRvCI0f079WWzSrvxm\",2592000]\";}'
    'advanced-frontend' => 'd1g74vf48mjklmjknd99sfqt83'
    '_csrf-frontend' => 'bc0cf1090d3e5965322e4774234fdb93f5fea1eddef1f867eedaf0d711bd9f65a:2:{i:0;s:14:\"_csrf-frontend\";i:1;s:32:\"5DGy8UrOt-97e6-1D-enZaM4RgirWHJD\";}'
    'advanced-backend' => '5aqpbr1b9dgqki4lbdnh37slu1'
    '_csrf-backend' => '273af87c1b3d5930994cfac683594d53f6c9f649e02c9d2379bb511862672437a:2:{i:0;s:13:\"_csrf-backend\";i:1;s:32:\"xkGHi74VdDxp37odC0ZYnU1YLbkSBE0V\";}'
]

$_SERVER = [
    'MIBDIRS' => 'D:/xampp/php/extras/mibs'
    'MYSQL_HOME' => '\\xampp\\mysql\\bin'
    'OPENSSL_CONF' => 'D:/xampp/apache/bin/openssl.cnf'
    'PHP_PEAR_SYSCONF_DIR' => '\\xampp\\php'
    'PHPRC' => '\\xampp\\php'
    'TMP' => '\\xampp\\tmp'
    'HTTP_HOST' => 'localhost'
    'HTTP_CONNECTION' => 'keep-alive'
    'HTTP_USER_AGENT' => 'Mozilla/5.0 (Windows NT 10.0; WOW64) AppleWebKit/537.36 (KHTML, like Gecko) Chrome/67.0.3371.0 Safari/537.36'
    'HTTP_ACCEPT' => '*/*'
    'HTTP_REFERER' => 'http://localhost/BLOG/frontend/web/index.php?r=post%2Fcreate'
    'HTTP_ACCEPT_ENCODING' => 'gzip, deflate, br'
    'HTTP_ACCEPT_LANGUAGE' => 'zh-CN,zh;q=0.9'
    'HTTP_COOKIE' => 'pgv_pvi=5528568832; Hm_lvt_080836300300be57b7f34f4b3e97d911=1523278818,1525790931; _identity-backend=2daddf6351c364ad4f9d5b21d0831532c85ade64e54eea0a6949a858d354b39ba%3A2%3A%7Bi%3A0%3Bs%3A17%3A%22_identity-backend%22%3Bi%3A1%3Bs%3A46%3A%22%5B1%2C%222aF4Cn7blkSOrr-NgdL5nmAC6cLFUfZx%22%2C2592000%5D%22%3B%7D; _identity-frontend=16bd795bd27fb24a41de7ea7041f750ed5227c1c70959cfe364dd77b86e28e99a%3A2%3A%7Bi%3A0%3Bs%3A18%3A%22_identity-frontend%22%3Bi%3A1%3Bs%3A46%3A%22%5B4%2C%227Up3cA8hXgUNq6BRvCI0f079WWzSrvxm%22%2C2592000%5D%22%3B%7D; advanced-frontend=d1g74vf48mjklmjknd99sfqt83; _csrf-frontend=bc0cf1090d3e5965322e4774234fdb93f5fea1eddef1f867eedaf0d711bd9f65a%3A2%3A%7Bi%3A0%3Bs%3A14%3A%22_csrf-frontend%22%3Bi%3A1%3Bs%3A32%3A%225DGy8UrOt-97e6-1D-enZaM4RgirWHJD%22%3B%7D; advanced-backend=5aqpbr1b9dgqki4lbdnh37slu1; _csrf-backend=273af87c1b3d5930994cfac683594d53f6c9f649e02c9d2379bb511862672437a%3A2%3A%7Bi%3A0%3Bs%3A13%3A%22_csrf-backend%22%3Bi%3A1%3Bs%3A32%3A%22xkGHi74VdDxp37odC0ZYnU1YLbkSBE0V%22%3B%7D'
    'PATH' => 'C:\\WINDOWS\\system32;C:\\WINDOWS;C:\\WINDOWS\\System32\\Wbem;C:\\WINDOWS\\System32\\WindowsPowerShell\\v1.0\\;C:\\Program Files (x86)\\ATI Technologies\\ATI.ACE\\Core-Static;D:\\版本;制;具\\SVN服务端\\bin;D:\\;a;pp\\php;D:\\nodejs\\;D:\\xampp\\php;D:\\版本控制工具\\SVN\\bin;;;C:\\Program Files\\Git\\cmd;;D:\\编辑器\\Microsoft VS Code\\bin;C:\\Users\\lanlianjiu\\AppData\\Local\\Microsoft\\WindowsApps;C:\\Users\\lanlianjiu\\AppData\\Roaming\\npm'
    'SystemRoot' => 'C:\\WINDOWS'
    'COMSPEC' => 'C:\\WINDOWS\\system32\\cmd.exe'
    'PATHEXT' => '.COM;.EXE;.BAT;.CMD;.VBS;.VBE;.JS;.JSE;.WSF;.WSH;.MSC'
    'WINDIR' => 'C:\\WINDOWS'
    'SERVER_SIGNATURE' => '<address>Apache/2.4.23 (Win32) OpenSSL/1.0.2h PHP/5.6.28 Server at localhost Port 80</address>
'
    'SERVER_SOFTWARE' => 'Apache/2.4.23 (Win32) OpenSSL/1.0.2h PHP/5.6.28'
    'SERVER_NAME' => 'localhost'
    'SERVER_ADDR' => '::1'
    'SERVER_PORT' => '80'
    'REMOTE_ADDR' => '::1'
    'DOCUMENT_ROOT' => 'D:/xampp/htdocs'
    'REQUEST_SCHEME' => 'http'
    'CONTEXT_PREFIX' => ''
    'CONTEXT_DOCUMENT_ROOT' => 'D:/xampp/htdocs'
    'SERVER_ADMIN' => 'postmaster@localhost'
    'SCRIPT_FILENAME' => 'D:/xampp/htdocs/BLOG/frontend/web/index.php'
    'REMOTE_PORT' => '56097'
    'GATEWAY_INTERFACE' => 'CGI/1.1'
    'SERVER_PROTOCOL' => 'HTTP/1.1'
    'REQUEST_METHOD' => 'GET'
    'QUERY_STRING' => 'r=post%2Fueditor&action=config&&noCache=1526908624668'
    'REQUEST_URI' => '/BLOG/frontend/web/index.php?r=post%2Fueditor&action=config&&noCache=1526908624668'
    'SCRIPT_NAME' => '/BLOG/frontend/web/index.php'
    'PHP_SELF' => '/BLOG/frontend/web/index.php'
    'REQUEST_TIME_FLOAT' => 1526908624.696
    'REQUEST_TIME' => 1526908624
]
